Flow report for uart2usb
Thu Jun 23 17:05:05 2022
Quartus Prime Version 18.1.0 Build 625 09/12/2018 SJ Lite Edition


---------------------
; Table of Contents ;
---------------------
  1. Legal Notice
  2. Flow Summary
  3. Flow Settings
  4. Flow Non-Default Global Settings
  5. Flow Elapsed Time
  6. Flow OS Summary
  7. Flow Log
  8. Flow Messages
  9. Flow Suppressed Messages



----------------
; Legal Notice ;
----------------
Copyright (C) 2018  Intel Corporation. All rights reserved.
Your use of Intel Corporation's design tools, logic functions 
and other software and tools, and its AMPP partner logic 
functions, and any output files from any of the foregoing 
(including device programming or simulation files), and any 
associated documentation or information are expressly subject 
to the terms and conditions of the Intel Program License 
Subscription Agreement, the Intel Quartus Prime License Agreement,
the Intel FPGA IP License Agreement, or other applicable license
agreement, including, without limitation, that your use is for
the sole purpose of programming logic devices manufactured by
Intel and sold by Intel or its authorized distributors.  Please
refer to the applicable agreement for further details.



+-------------------------------------------------------------------------------+
; Flow Summary                                                                  ;
+---------------------------------+---------------------------------------------+
; Flow Status                     ; Successful - Thu Jun 23 17:04:54 2022       ;
; Quartus Prime Version           ; 18.1.0 Build 625 09/12/2018 SJ Lite Edition ;
; Revision Name                   ; uart2usb                                    ;
; Top-level Entity Name           ; unsaved                                     ;
; Family                          ; Cyclone V                                   ;
; Device                          ; 5CSEBA6U23I7                                ;
; Timing Models                   ; Final                                       ;
; Logic utilization (in ALMs)     ; 800 / 41,910 ( 2 % )                        ;
; Total registers                 ; 900                                         ;
; Total pins                      ; 4 / 314 ( 1 % )                             ;
; Total virtual pins              ; 0                                           ;
; Total block memory bits         ; 3,210,240 / 5,662,720 ( 57 % )              ;
; Total DSP Blocks                ; 0 / 112 ( 0 % )                             ;
; Total HSSI RX PCSs              ; 0                                           ;
; Total HSSI PMA RX Deserializers ; 0                                           ;
; Total HSSI TX PCSs              ; 0                                           ;
; Total HSSI PMA TX Serializers   ; 0                                           ;
; Total PLLs                      ; 0 / 6 ( 0 % )                               ;
; Total DLLs                      ; 0 / 4 ( 0 % )                               ;
+---------------------------------+---------------------------------------------+


+-----------------------------------------+
; Flow Settings                           ;
+-------------------+---------------------+
; Option            ; Setting             ;
+-------------------+---------------------+
; Start date & time ; 06/23/2022 17:02:41 ;
; Main task         ; Compilation         ;
; Revision Name     ; uart2usb            ;
+-------------------+---------------------+


+-------------------------------------------------------------------------------------------------------------------------+
; Flow Non-Default Global Settings                                                                                        ;
+-------------------------------------+----------------------------------------+---------------+-------------+------------+
; Assignment Name                     ; Value                                  ; Default Value ; Entity Name ; Section Id ;
+-------------------------------------+----------------------------------------+---------------+-------------+------------+
; COMPILER_SIGNATURE_ID               ; 185410946539383.165602176002708        ; --            ; --          ; --         ;
; MAX_CORE_JUNCTION_TEMP              ; 100                                    ; --            ; --          ; --         ;
; MIN_CORE_JUNCTION_TEMP              ; -40                                    ; --            ; --          ; --         ;
; OUTPUT_IO_TIMING_FAR_END_VMEAS      ; Half Signal Swing                      ; --            ; --          ; --         ;
; OUTPUT_IO_TIMING_FAR_END_VMEAS      ; Half Signal Swing                      ; --            ; --          ; --         ;
; OUTPUT_IO_TIMING_NEAR_END_VMEAS     ; Half Vccio                             ; --            ; --          ; --         ;
; OUTPUT_IO_TIMING_NEAR_END_VMEAS     ; Half Vccio                             ; --            ; --          ; --         ;
; PARTITION_COLOR                     ; -- (Not supported for targeted family) ; --            ; unsaved     ; Top        ;
; PARTITION_FITTER_PRESERVATION_LEVEL ; -- (Not supported for targeted family) ; --            ; unsaved     ; Top        ;
; PARTITION_NETLIST_TYPE              ; -- (Not supported for targeted family) ; --            ; unsaved     ; Top        ;
; POWER_BOARD_THERMAL_MODEL           ; None (CONSERVATIVE)                    ; --            ; --          ; --         ;
; POWER_PRESET_COOLING_SOLUTION       ; 23 MM HEAT SINK WITH 200 LFPM AIRFLOW  ; --            ; --          ; --         ;
; PROJECT_OUTPUT_DIRECTORY            ; output_files                           ; --            ; --          ; --         ;
; SEARCH_PATH                         ; software/menu_uart/mem_init/           ; --            ; --          ; --         ;
; TOP_LEVEL_ENTITY                    ; unsaved                                ; uart2usb      ; --          ; --         ;
+-------------------------------------+----------------------------------------+---------------+-------------+------------+


+--------------------------------------------------------------------------------------------------------------------------+
; Flow Elapsed Time                                                                                                        ;
+----------------------+--------------+-------------------------+---------------------+------------------------------------+
; Module Name          ; Elapsed Time ; Average Processors Used ; Peak Virtual Memory ; Total CPU Time (on all processors) ;
+----------------------+--------------+-------------------------+---------------------+------------------------------------+
; Analysis & Synthesis ; 00:00:39     ; 1.0                     ; 4993 MB             ; 00:01:13                           ;
; Fitter               ; 00:01:21     ; 1.2                     ; 6952 MB             ; 00:04:03                           ;
; Assembler            ; 00:00:09     ; 1.0                     ; 4895 MB             ; 00:00:09                           ;
; Timing Analyzer      ; 00:00:10     ; 2.5                     ; 5327 MB             ; 00:00:22                           ;
; Total                ; 00:02:19     ; --                      ; --                  ; 00:05:47                           ;
+----------------------+--------------+-------------------------+---------------------+------------------------------------+


+------------------------------------------------------------------------------------+
; Flow OS Summary                                                                    ;
+----------------------+------------------+------------+------------+----------------+
; Module Name          ; Machine Hostname ; OS Name    ; OS Version ; Processor type ;
+----------------------+------------------+------------+------------+----------------+
; Analysis & Synthesis ; DESKTOP-CQCVRLV  ; Windows 10 ; 10.0       ; x86_64         ;
; Fitter               ; DESKTOP-CQCVRLV  ; Windows 10 ; 10.0       ; x86_64         ;
; Assembler            ; DESKTOP-CQCVRLV  ; Windows 10 ; 10.0       ; x86_64         ;
; Timing Analyzer      ; DESKTOP-CQCVRLV  ; Windows 10 ; 10.0       ; x86_64         ;
+----------------------+------------------+------------+------------+----------------+


------------
; Flow Log ;
------------
quartus_map --read_settings_files=on --write_settings_files=off uart2usb -c uart2usb
quartus_fit --read_settings_files=off --write_settings_files=off uart2usb -c uart2usb
quartus_asm --read_settings_files=off --write_settings_files=off uart2usb -c uart2usb
quartus_sta uart2usb -c uart2usb



